Using pre-set license
Built from '2020.3/staging' branch; Version is '2020.3.29f1 (2ff179115da0) revision 3142009'; Using compiler version '192528614'; Build Type 'Release'
OS: 'Windows 10  (10.0.19044) 64bit Professional' Language: 'en' Physical Memory: 16316 MB
BatchMode: 1, IsHumanControllingUs: 0, StartBugReporterOnCrash: 0, Is64bit: 1, IsPro: 0

COMMAND LINE ARGUMENTS:
C:\Program Files\Unity\Hub\Editor\2020.3.29f1\Editor\Unity.exe
-adb2
-batchMode
-noUpm
-name
AssetImportWorker0
-projectPath
K:/Capstone/Mosque/MosqueProject
-logFile
Logs/AssetImportWorker0.log
-srvPort
65397
Successfully changed project path to: K:/Capstone/Mosque/MosqueProject
K:/Capstone/Mosque/MosqueProject
Using Asset Import Pipeline V2.
Refreshing native plugins compatible for Editor in 81.43 ms, found 2 plugins.
Preloading 0 native plugins for Editor in 0.00 ms.
Initialize engine version: 2020.3.29f1 (2ff179115da0)
[Subsystems] Discovering subsystems at path C:/Program Files/Unity/Hub/Editor/2020.3.29f1/Editor/Data/Resources/UnitySubsystems
[Subsystems] Discovering subsystems at path K:/Capstone/Mosque/MosqueProject/Assets
GfxDevice: creating device client; threaded=0
Direct3D:
    Version:  Direct3D 11.0 [level 11.1]
    Renderer: AMD Radeon RX 5700 (ID=0x731f)
    Vendor:   
    VRAM:     8151 MB
    Driver:   30.0.14011.3017
Initialize mono
Mono path[0] = 'C:/Program Files/Unity/Hub/Editor/2020.3.29f1/Editor/Data/Managed'
Mono path[1] = 'C:/Program Files/Unity/Hub/Editor/2020.3.29f1/Editor/Data/MonoBleedingEdge/lib/mono/unityjit'
Mono config path = 'C:/Program Files/Unity/Hub/Editor/2020.3.29f1/Editor/Data/MonoBleedingEdge/etc'
Using monoOptions --debugger-agent=transport=dt_socket,embedding=1,server=y,suspend=n,address=127.0.0.1:56472
Begin MonoManager ReloadAssembly
Registering precompiled unity dll's ...
Register platform support module: C:/Program Files/Unity/Hub/Editor/2020.3.29f1/Editor/Data/PlaybackEngines/WebGLSupport/UnityEditor.WebGL.Extensions.dll
Register platform support module: C:/Program Files/Unity/Hub/Editor/2020.3.29f1/Editor/Data/PlaybackEngines/WindowsStandaloneSupport/UnityEditor.WindowsStandalone.Extensions.dll
Registered in 0.004412 seconds.
Native extension for WindowsStandalone target not found
Native extension for WebGL target not found
Refreshing native plugins compatible for Editor in 75.78 ms, found 2 plugins.
Preloading 0 native plugins for Editor in 0.00 ms.
Mono: successfully reloaded assembly
- Completed reload, in  0.751 seconds
Domain Reload Profiling:
	ReloadAssembly (752ms)
		BeginReloadAssembly (91ms)
			ExecutionOrderSort (0ms)
			DisableScriptedObjects (0ms)
			BackupInstance (0ms)
			ReleaseScriptingObjects (0ms)
			CreateAndSetChildDomain (1ms)
		EndReloadAssembly (565ms)
			LoadAssemblies (86ms)
			RebuildTransferFunctionScriptingTraits (0ms)
			SetupTypeCache (177ms)
			ReleaseScriptCaches (0ms)
			RebuildScriptCaches (33ms)
			SetupLoadedEditorAssemblies (226ms)
				LogAssemblyErrors (0ms)
				InitializePlatformSupportModulesInManaged (7ms)
				SetLoadedEditorAssemblies (0ms)
				RefreshPlugins (76ms)
				BeforeProcessingInitializeOnLoad (11ms)
				ProcessInitializeOnLoadAttributes (98ms)
				ProcessInitializeOnLoadMethodAttributes (34ms)
				AfterProcessingInitializeOnLoad (0ms)
				EditorAssembliesLoaded (0ms)
			ExecutionOrderSort2 (0ms)
			AwakeInstancesAfterBackupRestoration (0ms)
Platform modules already initialized, skipping
Registering precompiled user dll's ...
Registered in 0.004481 seconds.
Begin MonoManager ReloadAssembly
Native extension for WindowsStandalone target not found
Native extension for WebGL target not found
Refreshing native plugins compatible for Editor in 77.31 ms, found 2 plugins.
Preloading 0 native plugins for Editor in 0.00 ms.
Mono: successfully reloaded assembly
- Completed reload, in  1.561 seconds
Domain Reload Profiling:
	ReloadAssembly (1562ms)
		BeginReloadAssembly (193ms)
			ExecutionOrderSort (0ms)
			DisableScriptedObjects (6ms)
			BackupInstance (0ms)
			ReleaseScriptingObjects (0ms)
			CreateAndSetChildDomain (22ms)
		EndReloadAssembly (1288ms)
			LoadAssemblies (135ms)
			RebuildTransferFunctionScriptingTraits (0ms)
			SetupTypeCache (390ms)
			ReleaseScriptCaches (1ms)
			RebuildScriptCaches (66ms)
			SetupLoadedEditorAssemblies (568ms)
				LogAssemblyErrors (0ms)
				InitializePlatformSupportModulesInManaged (6ms)
				SetLoadedEditorAssemblies (0ms)
				RefreshPlugins (77ms)
				BeforeProcessingInitializeOnLoad (102ms)
				ProcessInitializeOnLoadAttributes (353ms)
				ProcessInitializeOnLoadMethodAttributes (15ms)
				AfterProcessingInitializeOnLoad (13ms)
				EditorAssembliesLoaded (0ms)
			ExecutionOrderSort2 (0ms)
			AwakeInstancesAfterBackupRestoration (8ms)
Platform modules already initialized, skipping
========================================================================
Worker process is ready to serve import requests
Launched and connected shader compiler UnityShaderCompiler.exe after 0.07 seconds
Refreshing native plugins compatible for Editor in 0.77 ms, found 2 plugins.
Preloading 0 native plugins for Editor in 0.00 ms.
Unloading 3266 Unused Serialized files (Serialized files now loaded: 0)
System memory in use before: 152.6 MB.
System memory in use after: 152.8 MB.

Unloading 21 unused Assets to reduce memory usage. Loaded Objects now: 3709.
Total: 4.701600 ms (FindLiveObjects: 0.332100 ms CreateObjectMapping: 0.097700 ms MarkObjects: 4.169300 ms  DeleteObjects: 0.100900 ms)

AssetImportParameters requested are different than current active one (requested -> active):
  custom:framework-win-MediaFoundation: 216162199b28c13a410421893ffa2e32 -> 
  custom:video-decoder-ogg-theora: a1e56fd34408186e4bbccfd4996cb3dc -> 
  custom:container-muxer-webm: aa71ff27fc2769a1b78a27578f13a17b -> 
  custom:container-demuxer-webm: 4f35f7cbe854078d1ac9338744f61a02 -> 
  custom:container-demuxer-ogg: 62fdf1f143b41e24485cea50d1cbac27 -> 
  custom:video-encoder-webm-vp8: eb34c28f22e8b96e1ab97ce403110664 -> 
  custom:video-decoder-webm-vp8: 9c59270c3fd7afecdb556c50c9e8de78 -> 
  custom:audio-decoder-ogg-vorbis: bf7c407c2cedff20999df2af8eb42d56 -> 
  custom:audio-encoder-webm-vorbis: bf7c407c2cedff20999df2af8eb42d56 -> 
========================================================================
Received Import Request.
  path: Assets/Meshes/mosque.fbx
  artifactKey: Guid(2c3f17ee0d7854f42b6f452b7ecaa255) Importer(815301076,1909f56bfc062723c751e8b465ee728b)
Start importing Assets/Meshes/mosque.fbx using Guid(2c3f17ee0d7854f42b6f452b7ecaa255) Importer(815301076,1909f56bfc062723c751e8b465ee728b)  -> (artifact id: 'dd3749bb6e40ab534e8aac8bc83b9006') in 0.295551 seconds 
  Import took 0.301482 seconds .

========================================================================
Received Import Request.
  Time since last request: 94.140544 seconds.
  path: Assets/Meshes/mosque.fbx
  artifactKey: Guid(2c3f17ee0d7854f42b6f452b7ecaa255) Importer(815301076,1909f56bfc062723c751e8b465ee728b)
Start importing Assets/Meshes/mosque.fbx using Guid(2c3f17ee0d7854f42b6f452b7ecaa255) Importer(815301076,1909f56bfc062723c751e8b465ee728b)  -> (artifact id: 'fb097ba655f2e2e57969e3dcfed69776') in 0.087146 seconds 
  Import took 0.108342 seconds .

========================================================================
Received Import Request.
  Time since last request: 13.448253 seconds.
  path: Assets/Meshes/mosquetest/Roofing_Shingles_Multi.jpg
  artifactKey: Guid(4ffac54c8a93aab47a9ded0dd8e6d644) Importer(815301076,1909f56bfc062723c751e8b465ee728b)
Start importing Assets/Meshes/mosquetest/Roofing_Shingles_Multi.jpg using Guid(4ffac54c8a93aab47a9ded0dd8e6d644) Importer(815301076,1909f56bfc062723c751e8b465ee728b)  -> (artifact id: '9d805662fef504d3fff871ec28c91905') in 0.059266 seconds 
  Import took 0.064838 seconds .

========================================================================
Received Import Request.
  Time since last request: 0.000214 seconds.
  path: Assets/Meshes/mosquetest/Roofing_Tile_Spanish.jpg
  artifactKey: Guid(e8630bc82da273b429986114768b0de9) Importer(815301076,1909f56bfc062723c751e8b465ee728b)
Start importing Assets/Meshes/mosquetest/Roofing_Tile_Spanish.jpg using Guid(e8630bc82da273b429986114768b0de9) Importer(815301076,1909f56bfc062723c751e8b465ee728b)  -> (artifact id: 'bf0f75acb3777771bd334e82c52275d0') in 0.042835 seconds 
  Import took 0.052740 seconds .

========================================================================
Received Import Request.
  Time since last request: 9.155759 seconds.
  path: Assets/Meshes/mats
  artifactKey: Guid(02c82b1b280388747a875394e83ff69f) Importer(815301076,1909f56bfc062723c751e8b465ee728b)
Start importing Assets/Meshes/mats using Guid(02c82b1b280388747a875394e83ff69f) Importer(815301076,1909f56bfc062723c751e8b465ee728b)  -> (artifact id: '81332e1d8e8fc4021e9326cd59de302c') in 0.013997 seconds 
  Import took 0.019416 seconds .

========================================================================
Received Import Request.
  Time since last request: 7.904006 seconds.
  path: Assets/Meshes/mats/PrayerRug.jpg
  artifactKey: Guid(b03e9e3406c31b7428f3aaf02d0870f9) Importer(815301076,1909f56bfc062723c751e8b465ee728b)
Start importing Assets/Meshes/mats/PrayerRug.jpg using Guid(b03e9e3406c31b7428f3aaf02d0870f9) Importer(815301076,1909f56bfc062723c751e8b465ee728b)  -> (artifact id: '5a18006054fa573aa9d6db4caf71674b') in 0.030264 seconds 
  Import took 0.037032 seconds .

========================================================================
Received Import Request.
  Time since last request: 4.067793 seconds.
  path: Assets/StarterAssets/Environment/Art/Materials/Blue_Mat.mat
  artifactKey: Guid(979aef027a1c86c42a15ce35fce366fa) Importer(815301076,1909f56bfc062723c751e8b465ee728b)
Start importing Assets/StarterAssets/Environment/Art/Materials/Blue_Mat.mat using Guid(979aef027a1c86c42a15ce35fce366fa) Importer(815301076,1909f56bfc062723c751e8b465ee728b)  -> (artifact id: '5d34cf1934d15f43e48412c54eee81cc') in 0.020574 seconds 
  Import took 0.026294 seconds .

========================================================================
Received Import Request.
  Time since last request: 0.000305 seconds.
  path: Assets/StarterAssets/Environment/Art/Materials/GridWhite_01_Mat.mat
  artifactKey: Guid(dbf898c9f9c4a2d46aa6336e23caeb61) Importer(815301076,1909f56bfc062723c751e8b465ee728b)
Start importing Assets/StarterAssets/Environment/Art/Materials/GridWhite_01_Mat.mat using Guid(dbf898c9f9c4a2d46aa6336e23caeb61) Importer(815301076,1909f56bfc062723c751e8b465ee728b)  -> (artifact id: 'efc4027e7c777121b3714e8bb1dd1627') in 0.264365 seconds 
  Import took 0.271441 seconds .

========================================================================
Received Import Request.
  Time since last request: 0.000308 seconds.
  path: Assets/StarterAssets/Environment/Art/Materials/GridOrange_01_Mat.mat
  artifactKey: Guid(7ab977a21c92388468ee65ad1c0e5a78) Importer(815301076,1909f56bfc062723c751e8b465ee728b)
Start importing Assets/StarterAssets/Environment/Art/Materials/GridOrange_01_Mat.mat using Guid(7ab977a21c92388468ee65ad1c0e5a78) Importer(815301076,1909f56bfc062723c751e8b465ee728b)  -> (artifact id: '9fee96488a8865fee0d7f9857aab5d2a') in 0.080647 seconds 
  Import took 0.088910 seconds .

========================================================================
Received Import Request.
  Time since last request: 0.000321 seconds.
  path: Assets/StarterAssets/Environment/Art/Materials/GridBlue_01_Mat.mat
  artifactKey: Guid(ff188f58422043f489060e28a5e4e0c0) Importer(815301076,1909f56bfc062723c751e8b465ee728b)
Start importing Assets/StarterAssets/Environment/Art/Materials/GridBlue_01_Mat.mat using Guid(ff188f58422043f489060e28a5e4e0c0) Importer(815301076,1909f56bfc062723c751e8b465ee728b)  -> (artifact id: 'd5dbd09ac6509aca94ac0f203766fb4e') in 0.122124 seconds 
  Import took 0.128731 seconds .

========================================================================
Received Import Request.
  Time since last request: 0.000233 seconds.
  path: Assets/StarterAssets/Environment/Art/Materials/GreyBlue_Mat.mat
  artifactKey: Guid(6b911390c5825014e8377183a7837d3f) Importer(815301076,1909f56bfc062723c751e8b465ee728b)
Start importing Assets/StarterAssets/Environment/Art/Materials/GreyBlue_Mat.mat using Guid(6b911390c5825014e8377183a7837d3f) Importer(815301076,1909f56bfc062723c751e8b465ee728b)  -> (artifact id: 'cd52eb37315172198cb4c9a594469b57') in 0.018574 seconds 
  Import took 0.024704 seconds .

========================================================================
Received Import Request.
  Time since last request: 11.667824 seconds.
  path: Assets/Meshes/mosque.fbx
  artifactKey: Guid(2c3f17ee0d7854f42b6f452b7ecaa255) Importer(815301076,1909f56bfc062723c751e8b465ee728b)
Start importing Assets/Meshes/mosque.fbx using Guid(2c3f17ee0d7854f42b6f452b7ecaa255) Importer(815301076,1909f56bfc062723c751e8b465ee728b)  -> (artifact id: '296eb3b030b29d26052bcf0badc7819d') in 0.088887 seconds 
  Import took 0.094853 seconds .

========================================================================
Received Import Request.
  Time since last request: 43.435763 seconds.
  path: Assets/Meshes/mosque.fbx
  artifactKey: Guid(2c3f17ee0d7854f42b6f452b7ecaa255) Importer(815301076,1909f56bfc062723c751e8b465ee728b)
Start importing Assets/Meshes/mosque.fbx using Guid(2c3f17ee0d7854f42b6f452b7ecaa255) Importer(815301076,1909f56bfc062723c751e8b465ee728b)  -> (artifact id: '31b08a0421896dc891c6dac0ad10c491') in 0.082015 seconds 
  Import took 0.087910 seconds .

========================================================================
Received Import Request.
  Time since last request: 1.495640 seconds.
  path: Assets/Meshes/mats/Color_000.mat
  artifactKey: Guid(2d98ed2a1d172f64f8bf5a05ecdcbfa3) Importer(815301076,1909f56bfc062723c751e8b465ee728b)
Start importing Assets/Meshes/mats/Color_000.mat using Guid(2d98ed2a1d172f64f8bf5a05ecdcbfa3) Importer(815301076,1909f56bfc062723c751e8b465ee728b)  -> (artifact id: '865946a051e26ffb5ab4b12db167956e') in 0.014290 seconds 
  Import took 0.120537 seconds .

========================================================================
Received Import Request.
  Time since last request: 0.000282 seconds.
  path: Assets/Meshes/mats/FrontColor.mat
  artifactKey: Guid(2da392c2ee96fe74ab9da97647186229) Importer(815301076,1909f56bfc062723c751e8b465ee728b)
Start importing Assets/Meshes/mats/FrontColor.mat using Guid(2da392c2ee96fe74ab9da97647186229) Importer(815301076,1909f56bfc062723c751e8b465ee728b)  -> (artifact id: 'ca936ad54798dccabfcf43ebe9e6c8e7') in 0.014126 seconds 
  Import took 0.019844 seconds .

========================================================================
Received Import Request.
  Time since last request: 9.761770 seconds.
  path: Assets/Meshes/mosque.fbx
  artifactKey: Guid(2c3f17ee0d7854f42b6f452b7ecaa255) Importer(815301076,1909f56bfc062723c751e8b465ee728b)
Start importing Assets/Meshes/mosque.fbx using Guid(2c3f17ee0d7854f42b6f452b7ecaa255) Importer(815301076,1909f56bfc062723c751e8b465ee728b)  -> (artifact id: '2f49826f953e27d7c757ec7d4e22770d') in 0.107289 seconds 
  Import took 0.113296 seconds .

========================================================================
Received Import Request.
  Time since last request: 28.453678 seconds.
  path: Assets/Meshes/mosquetest 1.fbx
  artifactKey: Guid(50d27f8088b86eb468af23a6cadb9cde) Importer(815301076,1909f56bfc062723c751e8b465ee728b)
Start importing Assets/Meshes/mosquetest 1.fbx using Guid(50d27f8088b86eb468af23a6cadb9cde) Importer(815301076,1909f56bfc062723c751e8b465ee728b)  -> (artifact id: '5b7dd061f188fb3920267f6a8ae4d8b2') in 0.102789 seconds 
  Import took 0.109802 seconds .

========================================================================
Received Prepare
Registering precompiled user dll's ...
Registered in 0.004391 seconds.
Begin MonoManager ReloadAssembly
Native extension for WindowsStandalone target not found
Native extension for WebGL target not found
Refreshing native plugins compatible for Editor in 0.71 ms, found 2 plugins.
Preloading 0 native plugins for Editor in 0.00 ms.
Mono: successfully reloaded assembly
- Completed reload, in  1.345 seconds
Domain Reload Profiling:
	ReloadAssembly (1346ms)
		BeginReloadAssembly (155ms)
			ExecutionOrderSort (0ms)
			DisableScriptedObjects (5ms)
			BackupInstance (0ms)
			ReleaseScriptingObjects (0ms)
			CreateAndSetChildDomain (44ms)
		EndReloadAssembly (1106ms)
			LoadAssemblies (135ms)
			RebuildTransferFunctionScriptingTraits (0ms)
			SetupTypeCache (372ms)
			ReleaseScriptCaches (1ms)
			RebuildScriptCaches (50ms)
			SetupLoadedEditorAssemblies (423ms)
				LogAssemblyErrors (0ms)
				InitializePlatformSupportModulesInManaged (6ms)
				SetLoadedEditorAssemblies (1ms)
				RefreshPlugins (1ms)
				BeforeProcessingInitializeOnLoad (82ms)
				ProcessInitializeOnLoadAttributes (308ms)
				ProcessInitializeOnLoadMethodAttributes (13ms)
				AfterProcessingInitializeOnLoad (13ms)
				EditorAssembliesLoaded (0ms)
			ExecutionOrderSort2 (0ms)
			AwakeInstancesAfterBackupRestoration (9ms)
Platform modules already initialized, skipping
Switching build target platform(19) subTarget(0) extendedPlatform(0) -> platform(13) subTarget(537395200) extendedPlatform(0)
Refreshing native plugins compatible for Editor in 0.72 ms, found 2 plugins.
Preloading 0 native plugins for Editor in 0.00 ms.
Unloading 3201 Unused Serialized files (Serialized files now loaded: 0)
System memory in use before: 149.8 MB.
System memory in use after: 150.0 MB.

Unloading 14 unused Assets to reduce memory usage. Loaded Objects now: 3756.
Total: 4.156400 ms (FindLiveObjects: 0.322100 ms CreateObjectMapping: 0.094500 ms MarkObjects: 3.715600 ms  DeleteObjects: 0.023100 ms)

AssetImportParameters requested are different than current active one (requested -> active):
  custom:framework-win-MediaFoundation: 216162199b28c13a410421893ffa2e32 -> 
  custom:video-decoder-ogg-theora: a1e56fd34408186e4bbccfd4996cb3dc -> 
  custom:container-muxer-webm: aa71ff27fc2769a1b78a27578f13a17b -> 
  custom:container-demuxer-webm: 4f35f7cbe854078d1ac9338744f61a02 -> 
  custom:container-demuxer-ogg: 62fdf1f143b41e24485cea50d1cbac27 -> 
  custom:video-encoder-webm-vp8: eb34c28f22e8b96e1ab97ce403110664 -> 
  custom:video-decoder-webm-vp8: 9c59270c3fd7afecdb556c50c9e8de78 -> 
  custom:graphics/normal-map-encoding: 01000000000000000000000000000000 -> 02000000000000000000000000000000
  custom:audio-decoder-ogg-vorbis: bf7c407c2cedff20999df2af8eb42d56 -> 
  custom:audio-encoder-webm-vorbis: bf7c407c2cedff20999df2af8eb42d56 -> 
========================================================================
Received Import Request.
  Time since last request: 57.617173 seconds.
  path: Assets/Meshes/mosque.fbx
  artifactKey: Guid(2c3f17ee0d7854f42b6f452b7ecaa255) Importer(815301076,1909f56bfc062723c751e8b465ee728b)
Start importing Assets/Meshes/mosque.fbx using Guid(2c3f17ee0d7854f42b6f452b7ecaa255) Importer(815301076,1909f56bfc062723c751e8b465ee728b)  -> (artifact id: 'e6fdf67ed324f7e8d5c4776a5bf58fda') in 0.166831 seconds 
  Import took 0.173109 seconds .

========================================================================
Received Import Request.
  Time since last request: 0.817931 seconds.
  path: Assets/Meshes/mats/Color_000 1.mat
  artifactKey: Guid(3cbd58ea9b7f9574fa848a877cae4acd) Importer(815301076,1909f56bfc062723c751e8b465ee728b)
Start importing Assets/Meshes/mats/Color_000 1.mat using Guid(3cbd58ea9b7f9574fa848a877cae4acd) Importer(815301076,1909f56bfc062723c751e8b465ee728b)  -> (artifact id: 'a646b58c97e900c2d0eecd8f110dfcc3') in 0.027291 seconds 
  Import took 0.033282 seconds .

========================================================================
Received Import Request.
  Time since last request: 0.000229 seconds.
  path: Assets/Meshes/mats/PrayerRug.mat
  artifactKey: Guid(6fdb3e36e04ca6f49a1851e9286300a7) Importer(815301076,1909f56bfc062723c751e8b465ee728b)
Start importing Assets/Meshes/mats/PrayerRug.mat using Guid(6fdb3e36e04ca6f49a1851e9286300a7) Importer(815301076,1909f56bfc062723c751e8b465ee728b)  -> (artifact id: '103e8912fb22a7af79ce3ae30bf82b2d') in 0.027516 seconds 
  Import took 0.032785 seconds .

========================================================================
Received Import Request.
  Time since last request: 0.000238 seconds.
  path: Assets/Meshes/mats/FrontColor 1.mat
  artifactKey: Guid(5eabece8490ee2043a158349867523fc) Importer(815301076,1909f56bfc062723c751e8b465ee728b)
Start importing Assets/Meshes/mats/FrontColor 1.mat using Guid(5eabece8490ee2043a158349867523fc) Importer(815301076,1909f56bfc062723c751e8b465ee728b)  -> (artifact id: '24215e44964eb6bd076413181468813f') in 0.014681 seconds 
  Import took 0.020113 seconds .

========================================================================
Received Import Request.
  Time since last request: 46.264611 seconds.
  path: Assets/Meshes/mats/BlueCarpet_N.jpg
  artifactKey: Guid(4b826bac0746b4047883e3f6d2b0b79e) Importer(815301076,1909f56bfc062723c751e8b465ee728b)
Start importing Assets/Meshes/mats/BlueCarpet_N.jpg using Guid(4b826bac0746b4047883e3f6d2b0b79e) Importer(815301076,1909f56bfc062723c751e8b465ee728b)  -> (artifact id: 'a5076aaeeb5ebda61ac7c37cb5f4882d') in 0.078970 seconds 
  Import took 0.084531 seconds .

========================================================================
Received Import Request.
  Time since last request: 3.644883 seconds.
  path: Assets/StarterAssets/Environment/Art/Textures/Grid_01_BaseMap.png
  artifactKey: Guid(d1118dda59970a2449ee890fa247c4c5) Importer(815301076,1909f56bfc062723c751e8b465ee728b)
Start importing Assets/StarterAssets/Environment/Art/Textures/Grid_01_BaseMap.png using Guid(d1118dda59970a2449ee890fa247c4c5) Importer(815301076,1909f56bfc062723c751e8b465ee728b)  -> (artifact id: 'c0442eaadec217f4c8ca551f08750b4e') in 0.029406 seconds 
  Import took 0.036253 seconds .

========================================================================
Received Import Request.
  Time since last request: 0.000262 seconds.
  path: Assets/StarterAssets/Mobile/UI/UI_Icon_Look.png
  artifactKey: Guid(af0ae2dbf3d1efb4f82af377950704a2) Importer(815301076,1909f56bfc062723c751e8b465ee728b)
Start importing Assets/StarterAssets/Mobile/UI/UI_Icon_Look.png using Guid(af0ae2dbf3d1efb4f82af377950704a2) Importer(815301076,1909f56bfc062723c751e8b465ee728b)  -> (artifact id: '5c4176944ac662ebb1b7f46a8f3eb8be') in 0.034066 seconds 
  Import took 0.039496 seconds .

========================================================================
Received Import Request.
  Time since last request: 0.000242 seconds.
  path: Assets/StarterAssets/Environment/Art/Textures/Grid_01_Emissive.png
  artifactKey: Guid(d4d6919451fe3e24388816386a6d15a4) Importer(815301076,1909f56bfc062723c751e8b465ee728b)
Start importing Assets/StarterAssets/Environment/Art/Textures/Grid_01_Emissive.png using Guid(d4d6919451fe3e24388816386a6d15a4) Importer(815301076,1909f56bfc062723c751e8b465ee728b)  -> (artifact id: '6f23381808ae64b1b63c7c44c936a509') in 0.026512 seconds 
  Import took 0.032222 seconds .

========================================================================
Received Import Request.
  Time since last request: 0.000247 seconds.
  path: Assets/StarterAssets/Mobile/UI/UI_Circle_Bevel_Base.png
  artifactKey: Guid(b74c31d447d2f5d41a61081bdf5e7126) Importer(815301076,1909f56bfc062723c751e8b465ee728b)
Start importing Assets/StarterAssets/Mobile/UI/UI_Circle_Bevel_Base.png using Guid(b74c31d447d2f5d41a61081bdf5e7126) Importer(815301076,1909f56bfc062723c751e8b465ee728b)  -> (artifact id: '0b95d93ad5a57d7b9afd2e00ad3ff3a5') in 0.021014 seconds 
  Import took 0.026731 seconds .

========================================================================
Received Import Request.
  Time since last request: 0.000223 seconds.
  path: Assets/StarterAssets/FirstPersonController/Scenes/Playground/ReflectionProbe-2.exr
  artifactKey: Guid(c49ef192a57a5af42a728163b2468c8a) Importer(815301076,1909f56bfc062723c751e8b465ee728b)
Start importing Assets/StarterAssets/FirstPersonController/Scenes/Playground/ReflectionProbe-2.exr using Guid(c49ef192a57a5af42a728163b2468c8a) Importer(815301076,1909f56bfc062723c751e8b465ee728b)  -> (artifact id: '48d0b6e6dd494b79fa2de890516167f1') in 0.034383 seconds 
  Import took 0.040357 seconds .

========================================================================
Received Import Request.
  Time since last request: 0.000236 seconds.
  path: Assets/StarterAssets/Mobile/UI/UI_Circle_Faded.png
  artifactKey: Guid(90ded0611e490aa4ba6961afbfc2280d) Importer(815301076,1909f56bfc062723c751e8b465ee728b)
Start importing Assets/StarterAssets/Mobile/UI/UI_Circle_Faded.png using Guid(90ded0611e490aa4ba6961afbfc2280d) Importer(815301076,1909f56bfc062723c751e8b465ee728b)  -> (artifact id: 'b61a35e43a1cbf5dae7acc5a06786c03') in 0.031851 seconds 
  Import took 0.038538 seconds .

========================================================================
Received Import Request.
  Time since last request: 0.000252 seconds.
  path: Assets/StarterAssets/Mobile/UI/UI_Icon_Sprint.png
  artifactKey: Guid(b0fa70abd2a79904cb00b175dfd8ec7e) Importer(815301076,1909f56bfc062723c751e8b465ee728b)
Start importing Assets/StarterAssets/Mobile/UI/UI_Icon_Sprint.png using Guid(b0fa70abd2a79904cb00b175dfd8ec7e) Importer(815301076,1909f56bfc062723c751e8b465ee728b)  -> (artifact id: '00596d0100881c8e665192f7f0fc4f30') in 0.017682 seconds 
  Import took 0.201996 seconds .

========================================================================
Received Import Request.
  Time since last request: 0.000266 seconds.
  path: Assets/StarterAssets/FirstPersonController/Scenes/Playground/ReflectionProbe-1.exr
  artifactKey: Guid(5515cbebf3ef1144ebf8d50ed9091e17) Importer(815301076,1909f56bfc062723c751e8b465ee728b)
Start importing Assets/StarterAssets/FirstPersonController/Scenes/Playground/ReflectionProbe-1.exr using Guid(5515cbebf3ef1144ebf8d50ed9091e17) Importer(815301076,1909f56bfc062723c751e8b465ee728b)  -> (artifact id: '7ea7701e3219c708db0a873d279b52e8') in 0.018836 seconds 
  Import took 0.024406 seconds .

========================================================================
Received Import Request.
  Time since last request: 0.000187 seconds.
  path: Assets/StarterAssets/TutorialInfo/Icons/ReadMeImg.PNG
  artifactKey: Guid(44a17a5b205fcd349a24700e6f5615bd) Importer(815301076,1909f56bfc062723c751e8b465ee728b)
Start importing Assets/StarterAssets/TutorialInfo/Icons/ReadMeImg.PNG using Guid(44a17a5b205fcd349a24700e6f5615bd) Importer(815301076,1909f56bfc062723c751e8b465ee728b)  -> (artifact id: 'c91c7c7fb115f25aa1e65c8b3ddf5545') in 0.021845 seconds 
  Import took 0.027932 seconds .

========================================================================
Received Import Request.
  Time since last request: 0.000290 seconds.
  path: Assets/StarterAssets/FirstPersonController/Scenes/Playground/ReflectionProbe-0.exr
  artifactKey: Guid(ac547032e7ab2874b8b53ccbfec07526) Importer(815301076,1909f56bfc062723c751e8b465ee728b)
Start importing Assets/StarterAssets/FirstPersonController/Scenes/Playground/ReflectionProbe-0.exr using Guid(ac547032e7ab2874b8b53ccbfec07526) Importer(815301076,1909f56bfc062723c751e8b465ee728b)  -> (artifact id: 'a64bca655b969036ca01222ac1ab4e21') in 0.020734 seconds 
  Import took 0.027476 seconds .

========================================================================
Received Import Request.
  Time since last request: 0.000202 seconds.
  path: Assets/StarterAssets/Environment/Art/Textures/Grid_02_BaseMap.png
  artifactKey: Guid(d9c0dd5cdac07b145be73329e489869a) Importer(815301076,1909f56bfc062723c751e8b465ee728b)
Start importing Assets/StarterAssets/Environment/Art/Textures/Grid_02_BaseMap.png using Guid(d9c0dd5cdac07b145be73329e489869a) Importer(815301076,1909f56bfc062723c751e8b465ee728b)  -> (artifact id: '51d802c54d91d5812eddb8ade0b73eb5') in 0.025151 seconds 
  Import took 0.030448 seconds .

========================================================================
Received Import Request.
  Time since last request: 0.000251 seconds.
  path: Assets/StarterAssets/Mobile/UI/UI_Icon_Jump.png
  artifactKey: Guid(751aa1b6637101946b2fdbb7aa27d6ad) Importer(815301076,1909f56bfc062723c751e8b465ee728b)
Start importing Assets/StarterAssets/Mobile/UI/UI_Icon_Jump.png using Guid(751aa1b6637101946b2fdbb7aa27d6ad) Importer(815301076,1909f56bfc062723c751e8b465ee728b)  -> (artifact id: '357d77740fea522a4532f49ad65dac23') in 0.019310 seconds 
  Import took 0.024861 seconds .

========================================================================
Received Import Request.
  Time since last request: 0.000219 seconds.
  path: Assets/StarterAssets/Environment/Art/Textures/Grid_01_Normal.png
  artifactKey: Guid(c5c221ed57a3bf6488f8eba0db28a004) Importer(815301076,1909f56bfc062723c751e8b465ee728b)
Start importing Assets/StarterAssets/Environment/Art/Textures/Grid_01_Normal.png using Guid(c5c221ed57a3bf6488f8eba0db28a004) Importer(815301076,1909f56bfc062723c751e8b465ee728b)  -> (artifact id: '2cc8b5ddcbc0b3b42ae4e3fd8b41adb4') in 0.025460 seconds 
  Import took 0.030937 seconds .

========================================================================
Received Import Request.
  Time since last request: 0.000196 seconds.
  path: Assets/StarterAssets/Mobile/UI/UI_Icon_Move.png
  artifactKey: Guid(ff7bfa7addf40784d86f62b8e4a034a6) Importer(815301076,1909f56bfc062723c751e8b465ee728b)
Start importing Assets/StarterAssets/Mobile/UI/UI_Icon_Move.png using Guid(ff7bfa7addf40784d86f62b8e4a034a6) Importer(815301076,1909f56bfc062723c751e8b465ee728b)  -> (artifact id: 'e38131281c2c7902ee94e5146a6d13f2') in 0.019792 seconds 
  Import took 0.025054 seconds .

========================================================================
Received Import Request.
  Time since last request: 22.435808 seconds.
  path: Assets/Meshes/mats/BlueCarpet_N.jpg
  artifactKey: Guid(4b826bac0746b4047883e3f6d2b0b79e) Importer(815301076,1909f56bfc062723c751e8b465ee728b)
Start importing Assets/Meshes/mats/BlueCarpet_N.jpg using Guid(4b826bac0746b4047883e3f6d2b0b79e) Importer(815301076,1909f56bfc062723c751e8b465ee728b)  -> (artifact id: 'd39a52531dd51df559af5ba94dea3409') in 0.070085 seconds 
  Import took 0.075876 seconds .

========================================================================
Received Prepare
Registering precompiled user dll's ...
Registered in 0.004386 seconds.
Begin MonoManager ReloadAssembly
Native extension for WindowsStandalone target not found
Native extension for WebGL target not found
Refreshing native plugins compatible for Editor in 0.77 ms, found 2 plugins.
Preloading 0 native plugins for Editor in 0.00 ms.
Mono: successfully reloaded assembly
- Completed reload, in  1.373 seconds
Domain Reload Profiling:
	ReloadAssembly (1374ms)
		BeginReloadAssembly (160ms)
			ExecutionOrderSort (0ms)
			DisableScriptedObjects (5ms)
			BackupInstance (0ms)
			ReleaseScriptingObjects (0ms)
			CreateAndSetChildDomain (43ms)
		EndReloadAssembly (1135ms)
			LoadAssemblies (151ms)
			RebuildTransferFunctionScriptingTraits (0ms)
			SetupTypeCache (373ms)
			ReleaseScriptCaches (1ms)
			RebuildScriptCaches (50ms)
			SetupLoadedEditorAssemblies (431ms)
				LogAssemblyErrors (0ms)
				InitializePlatformSupportModulesInManaged (7ms)
				SetLoadedEditorAssemblies (1ms)
				RefreshPlugins (1ms)
				BeforeProcessingInitializeOnLoad (85ms)
				ProcessInitializeOnLoadAttributes (312ms)
				ProcessInitializeOnLoadMethodAttributes (13ms)
				AfterProcessingInitializeOnLoad (13ms)
				EditorAssembliesLoaded (0ms)
			ExecutionOrderSort2 (0ms)
			AwakeInstancesAfterBackupRestoration (8ms)
Platform modules already initialized, skipping
Switching build target platform(19) subTarget(0) extendedPlatform(0) -> platform(13) subTarget(537395200) extendedPlatform(0)
Refreshing native plugins compatible for Editor in 0.72 ms, found 2 plugins.
Preloading 0 native plugins for Editor in 0.00 ms.
Unloading 3201 Unused Serialized files (Serialized files now loaded: 0)
System memory in use before: 149.9 MB.
System memory in use after: 150.2 MB.

Unloading 14 unused Assets to reduce memory usage. Loaded Objects now: 3763.
Total: 4.444200 ms (FindLiveObjects: 0.374200 ms CreateObjectMapping: 0.095600 ms MarkObjects: 3.944900 ms  DeleteObjects: 0.028100 ms)

AssetImportParameters requested are different than current active one (requested -> active):
  custom:framework-win-MediaFoundation: 216162199b28c13a410421893ffa2e32 -> 
  custom:video-decoder-ogg-theora: a1e56fd34408186e4bbccfd4996cb3dc -> 
  custom:container-muxer-webm: aa71ff27fc2769a1b78a27578f13a17b -> 
  custom:container-demuxer-webm: 4f35f7cbe854078d1ac9338744f61a02 -> 
  custom:container-demuxer-ogg: 62fdf1f143b41e24485cea50d1cbac27 -> 
  custom:video-encoder-webm-vp8: eb34c28f22e8b96e1ab97ce403110664 -> 
  custom:video-decoder-webm-vp8: 9c59270c3fd7afecdb556c50c9e8de78 -> 
  custom:graphics/normal-map-encoding: 01000000000000000000000000000000 -> 02000000000000000000000000000000
  custom:audio-decoder-ogg-vorbis: bf7c407c2cedff20999df2af8eb42d56 -> 
  custom:audio-encoder-webm-vorbis: bf7c407c2cedff20999df2af8eb42d56 -> 
========================================================================
Received Prepare
Registering precompiled user dll's ...
Registered in 0.004575 seconds.
Begin MonoManager ReloadAssembly
Native extension for WindowsStandalone target not found
Native extension for WebGL target not found
Refreshing native plugins compatible for Editor in 0.75 ms, found 2 plugins.
Preloading 0 native plugins for Editor in 0.00 ms.
Mono: successfully reloaded assembly
- Completed reload, in  1.335 seconds
Domain Reload Profiling:
	ReloadAssembly (1336ms)
		BeginReloadAssembly (144ms)
			ExecutionOrderSort (0ms)
			DisableScriptedObjects (5ms)
			BackupInstance (0ms)
			ReleaseScriptingObjects (0ms)
			CreateAndSetChildDomain (43ms)
		EndReloadAssembly (1114ms)
			LoadAssemblies (127ms)
			RebuildTransferFunctionScriptingTraits (0ms)
			SetupTypeCache (359ms)
			ReleaseScriptCaches (1ms)
			RebuildScriptCaches (55ms)
			SetupLoadedEditorAssemblies (419ms)
				LogAssemblyErrors (0ms)
				InitializePlatformSupportModulesInManaged (6ms)
				SetLoadedEditorAssemblies (1ms)
				RefreshPlugins (1ms)
				BeforeProcessingInitializeOnLoad (82ms)
				ProcessInitializeOnLoadAttributes (304ms)
				ProcessInitializeOnLoadMethodAttributes (14ms)
				AfterProcessingInitializeOnLoad (13ms)
				EditorAssembliesLoaded (0ms)
			ExecutionOrderSort2 (0ms)
			AwakeInstancesAfterBackupRestoration (7ms)
Platform modules already initialized, skipping
Switching build target platform(19) subTarget(0) extendedPlatform(0) -> platform(13) subTarget(537395200) extendedPlatform(0)
Refreshing native plugins compatible for Editor in 0.70 ms, found 2 plugins.
Preloading 0 native plugins for Editor in 0.00 ms.
Unloading 3201 Unused Serialized files (Serialized files now loaded: 0)
System memory in use before: 150.0 MB.
System memory in use after: 150.2 MB.

Unloading 14 unused Assets to reduce memory usage. Loaded Objects now: 3765.
Total: 4.210700 ms (FindLiveObjects: 0.323600 ms CreateObjectMapping: 0.096200 ms MarkObjects: 3.765100 ms  DeleteObjects: 0.025000 ms)

AssetImportParameters requested are different than current active one (requested -> active):
  custom:framework-win-MediaFoundation: 216162199b28c13a410421893ffa2e32 -> 
  custom:video-decoder-ogg-theora: a1e56fd34408186e4bbccfd4996cb3dc -> 
  custom:container-muxer-webm: aa71ff27fc2769a1b78a27578f13a17b -> 
  custom:container-demuxer-webm: 4f35f7cbe854078d1ac9338744f61a02 -> 
  custom:container-demuxer-ogg: 62fdf1f143b41e24485cea50d1cbac27 -> 
  custom:video-encoder-webm-vp8: eb34c28f22e8b96e1ab97ce403110664 -> 
  custom:video-decoder-webm-vp8: 9c59270c3fd7afecdb556c50c9e8de78 -> 
  custom:graphics/normal-map-encoding: 01000000000000000000000000000000 -> 02000000000000000000000000000000
  custom:audio-decoder-ogg-vorbis: bf7c407c2cedff20999df2af8eb42d56 -> 
  custom:audio-encoder-webm-vorbis: bf7c407c2cedff20999df2af8eb42d56 -> 
========================================================================
Received Import Request.
  Time since last request: 241.230880 seconds.
  path: Assets/Meshes/mats/UniversalRenderPipelineAsset.asset
  artifactKey: Guid(66e0d2d86b112424bb786529773917b0) Importer(815301076,1909f56bfc062723c751e8b465ee728b)
Start importing Assets/Meshes/mats/UniversalRenderPipelineAsset.asset using Guid(66e0d2d86b112424bb786529773917b0) Importer(815301076,1909f56bfc062723c751e8b465ee728b)  -> (artifact id: 'f77545522b959953b4c1e9f96a731abf') in 0.262340 seconds 
  Import took 0.269179 seconds .

========================================================================
Received Import Request.
  Time since last request: 0.000233 seconds.
  path: Assets/Meshes/mats/UniversalRenderPipelineAsset_Renderer.asset
  artifactKey: Guid(4e9b15780687f4a409502fe04bab4008) Importer(815301076,1909f56bfc062723c751e8b465ee728b)
Start importing Assets/Meshes/mats/UniversalRenderPipelineAsset_Renderer.asset using Guid(4e9b15780687f4a409502fe04bab4008) Importer(815301076,1909f56bfc062723c751e8b465ee728b)  -> (artifact id: '58284bdd5784358fd0a97184a65315c6') in 0.031653 seconds 
  Import took 0.037458 seconds .

========================================================================
Received Prepare
Registering precompiled user dll's ...
Registered in 0.004309 seconds.
Begin MonoManager ReloadAssembly
Native extension for WindowsStandalone target not found
Native extension for WebGL target not found
Refreshing native plugins compatible for Editor in 0.71 ms, found 2 plugins.
Preloading 0 native plugins for Editor in 0.00 ms.
Mono: successfully reloaded assembly
- Completed reload, in  1.374 seconds
Domain Reload Profiling:
	ReloadAssembly (1375ms)
		BeginReloadAssembly (147ms)
			ExecutionOrderSort (0ms)
			DisableScriptedObjects (5ms)
			BackupInstance (0ms)
			ReleaseScriptingObjects (0ms)
			CreateAndSetChildDomain (41ms)
		EndReloadAssembly (1147ms)
			LoadAssemblies (135ms)
			RebuildTransferFunctionScriptingTraits (0ms)
			SetupTypeCache (367ms)
			ReleaseScriptCaches (1ms)
			RebuildScriptCaches (50ms)
			SetupLoadedEditorAssemblies (427ms)
				LogAssemblyErrors (0ms)
				InitializePlatformSupportModulesInManaged (6ms)
				SetLoadedEditorAssemblies (1ms)
				RefreshPlugins (1ms)
				BeforeProcessingInitializeOnLoad (82ms)
				ProcessInitializeOnLoadAttributes (310ms)
				ProcessInitializeOnLoadMethodAttributes (13ms)
				AfterProcessingInitializeOnLoad (14ms)
				EditorAssembliesLoaded (0ms)
			ExecutionOrderSort2 (0ms)
			AwakeInstancesAfterBackupRestoration (8ms)
Platform modules already initialized, skipping
Switching build target platform(19) subTarget(0) extendedPlatform(0) -> platform(13) subTarget(537395200) extendedPlatform(0)
Switching render pipeline 00000000000000000000000000000000 -> 66e0d2d86b112424bb786529773917b0
Refreshing native plugins compatible for Editor in 0.72 ms, found 2 plugins.
Preloading 0 native plugins for Editor in 0.00 ms.
Unloading 3249 Unused Serialized files (Serialized files now loaded: 0)
System memory in use before: 154.6 MB.
System memory in use after: 154.8 MB.

Unloading 14 unused Assets to reduce memory usage. Loaded Objects now: 3815.
Total: 4.452500 ms (FindLiveObjects: 0.366000 ms CreateObjectMapping: 0.121000 ms MarkObjects: 3.936900 ms  DeleteObjects: 0.027300 ms)

AssetImportParameters requested are different than current active one (requested -> active):
  custom:framework-win-MediaFoundation: 216162199b28c13a410421893ffa2e32 -> 
  custom:video-decoder-ogg-theora: a1e56fd34408186e4bbccfd4996cb3dc -> 
  custom:container-muxer-webm: aa71ff27fc2769a1b78a27578f13a17b -> 
  custom:container-demuxer-webm: 4f35f7cbe854078d1ac9338744f61a02 -> 
  custom:container-demuxer-ogg: 62fdf1f143b41e24485cea50d1cbac27 -> 
  custom:video-encoder-webm-vp8: eb34c28f22e8b96e1ab97ce403110664 -> 
  custom:video-decoder-webm-vp8: 9c59270c3fd7afecdb556c50c9e8de78 -> 
  custom:graphics/normal-map-encoding: 01000000000000000000000000000000 -> 02000000000000000000000000000000
  custom:audio-decoder-ogg-vorbis: bf7c407c2cedff20999df2af8eb42d56 -> 
  custom:audio-encoder-webm-vorbis: bf7c407c2cedff20999df2af8eb42d56 -> 
========================================================================
Received Import Request.
  Time since last request: 332.579731 seconds.
  path: Assets/Mosque.prefab
  artifactKey: Guid(06b914eba6c6c1946b62c1b027aa7849) Importer(815301076,1909f56bfc062723c751e8b465ee728b)
Start importing Assets/Mosque.prefab using Guid(06b914eba6c6c1946b62c1b027aa7849) Importer(815301076,1909f56bfc062723c751e8b465ee728b)  -> (artifact id: 'e4e03d507b35646fa8426ba6667ebee0') in 0.036368 seconds 
  Import took 0.041914 seconds .

========================================================================
Received Import Request.
  Time since last request: 5.747905 seconds.
  path: Assets/UniversalRenderPipelineAsset.asset
  artifactKey: Guid(66e0d2d86b112424bb786529773917b0) Importer(815301076,1909f56bfc062723c751e8b465ee728b)
Start importing Assets/UniversalRenderPipelineAsset.asset using Guid(66e0d2d86b112424bb786529773917b0) Importer(815301076,1909f56bfc062723c751e8b465ee728b)  -> (artifact id: 'ca8646d6d5c9277d8f316520d83c1f2d') in 0.003747 seconds 
  Import took 0.009935 seconds .

========================================================================
Received Import Request.
  Time since last request: 0.039129 seconds.
  path: Assets/UniversalRenderPipelineAsset_Renderer.asset
  artifactKey: Guid(4e9b15780687f4a409502fe04bab4008) Importer(815301076,1909f56bfc062723c751e8b465ee728b)
Start importing Assets/UniversalRenderPipelineAsset_Renderer.asset using Guid(4e9b15780687f4a409502fe04bab4008) Importer(815301076,1909f56bfc062723c751e8b465ee728b)  -> (artifact id: '23fe40c841b2078db41e9cd751ff6997') in 0.004889 seconds 
  Import took 0.011034 seconds .

========================================================================
Received Import Request.
  Time since last request: 10.103616 seconds.
  path: Assets/Meshes/Mosque.prefab
  artifactKey: Guid(ddd84c46b1c119241928be0626cfb783) Importer(815301076,1909f56bfc062723c751e8b465ee728b)
Start importing Assets/Meshes/Mosque.prefab using Guid(ddd84c46b1c119241928be0626cfb783) Importer(815301076,1909f56bfc062723c751e8b465ee728b)  -> (artifact id: 'ba702987f17c96a1af0502e2a7a87b37') in 0.026530 seconds 
  Import took 0.033108 seconds .

========================================================================
Received Import Request.
  Time since last request: 13.307114 seconds.
  path: Assets/Meshes/mats/BlueCarpet_N.jpg
  artifactKey: Guid(4b826bac0746b4047883e3f6d2b0b79e) Importer(815301076,1909f56bfc062723c751e8b465ee728b)
Start importing Assets/Meshes/mats/BlueCarpet_N.jpg using Guid(4b826bac0746b4047883e3f6d2b0b79e) Importer(815301076,1909f56bfc062723c751e8b465ee728b)  -> (artifact id: '7e02389b6edc1e98ab4e3e19bc8516c2') in 0.056512 seconds 
  Import took 0.062104 seconds .

========================================================================
Received Import Request.
  Time since last request: 0.000212 seconds.
  path: Assets/StarterAssets/Mobile/UI/UI_Icon_Look.png
  artifactKey: Guid(af0ae2dbf3d1efb4f82af377950704a2) Importer(815301076,1909f56bfc062723c751e8b465ee728b)
Start importing Assets/StarterAssets/Mobile/UI/UI_Icon_Look.png using Guid(af0ae2dbf3d1efb4f82af377950704a2) Importer(815301076,1909f56bfc062723c751e8b465ee728b)  -> (artifact id: '485021ae4dc31fee9f857447036ac29a') in 0.036563 seconds 
  Import took 0.042194 seconds .

========================================================================
Received Import Request.
  Time since last request: 0.000287 seconds.
  path: Assets/StarterAssets/Environment/Art/Textures/Grid_01_Emissive.png
  artifactKey: Guid(d4d6919451fe3e24388816386a6d15a4) Importer(815301076,1909f56bfc062723c751e8b465ee728b)
Start importing Assets/StarterAssets/Environment/Art/Textures/Grid_01_Emissive.png using Guid(d4d6919451fe3e24388816386a6d15a4) Importer(815301076,1909f56bfc062723c751e8b465ee728b)  -> (artifact id: '680158d1d4acc3d1f489289cd947f937') in 0.021397 seconds 
  Import took 0.027007 seconds .

========================================================================
Received Import Request.
  Time since last request: 0.000315 seconds.
  path: Assets/StarterAssets/Mobile/UI/UI_Circle_Bevel_Base.png
  artifactKey: Guid(b74c31d447d2f5d41a61081bdf5e7126) Importer(815301076,1909f56bfc062723c751e8b465ee728b)
Start importing Assets/StarterAssets/Mobile/UI/UI_Circle_Bevel_Base.png using Guid(b74c31d447d2f5d41a61081bdf5e7126) Importer(815301076,1909f56bfc062723c751e8b465ee728b)  -> (artifact id: 'dda4a41f5a3c79935e67bae8fa356dc7') in 0.014968 seconds 
  Import took 0.020794 seconds .

========================================================================
Received Import Request.
  Time since last request: 0.000242 seconds.
  path: Assets/StarterAssets/FirstPersonController/Scenes/Playground/ReflectionProbe-2.exr
  artifactKey: Guid(c49ef192a57a5af42a728163b2468c8a) Importer(815301076,1909f56bfc062723c751e8b465ee728b)
Start importing Assets/StarterAssets/FirstPersonController/Scenes/Playground/ReflectionProbe-2.exr using Guid(c49ef192a57a5af42a728163b2468c8a) Importer(815301076,1909f56bfc062723c751e8b465ee728b)  -> (artifact id: 'cc5cbaec6f8edf9805f6797db30741e6') in 0.037302 seconds 
  Import took 0.042812 seconds .

========================================================================
Received Import Request.
  Time since last request: 0.000207 seconds.
  path: Assets/StarterAssets/Mobile/UI/UI_Circle_Faded.png
  artifactKey: Guid(90ded0611e490aa4ba6961afbfc2280d) Importer(815301076,1909f56bfc062723c751e8b465ee728b)
Start importing Assets/StarterAssets/Mobile/UI/UI_Circle_Faded.png using Guid(90ded0611e490aa4ba6961afbfc2280d) Importer(815301076,1909f56bfc062723c751e8b465ee728b)  -> (artifact id: '5385e6f7ec053c2e12e1b4195c706378') in 0.031656 seconds 
  Import took 0.038400 seconds .

========================================================================
Received Import Request.
  Time since last request: 0.000229 seconds.
  path: Assets/StarterAssets/Mobile/UI/UI_Icon_Sprint.png
  artifactKey: Guid(b0fa70abd2a79904cb00b175dfd8ec7e) Importer(815301076,1909f56bfc062723c751e8b465ee728b)
Start importing Assets/StarterAssets/Mobile/UI/UI_Icon_Sprint.png using Guid(b0fa70abd2a79904cb00b175dfd8ec7e) Importer(815301076,1909f56bfc062723c751e8b465ee728b)  -> (artifact id: '2e75d313b8ee5821b8335dadee76d15b') in 0.014829 seconds 
  Import took 0.020593 seconds .

========================================================================
Received Import Request.
  Time since last request: 0.000269 seconds.
  path: Assets/Meshes/mosquetest/Roofing_Shingles_Multi.jpg
  artifactKey: Guid(4ffac54c8a93aab47a9ded0dd8e6d644) Importer(815301076,1909f56bfc062723c751e8b465ee728b)
Start importing Assets/Meshes/mosquetest/Roofing_Shingles_Multi.jpg using Guid(4ffac54c8a93aab47a9ded0dd8e6d644) Importer(815301076,1909f56bfc062723c751e8b465ee728b)  -> (artifact id: 'c235a805e31edc93c33c5615d13f3ded') in 0.016029 seconds 
  Import took 0.021726 seconds .

========================================================================
Received Import Request.
  Time since last request: 0.000309 seconds.
  path: Assets/Meshes/mosquetest/Roofing_Tile_Spanish.jpg
  artifactKey: Guid(e8630bc82da273b429986114768b0de9) Importer(815301076,1909f56bfc062723c751e8b465ee728b)
Start importing Assets/Meshes/mosquetest/Roofing_Tile_Spanish.jpg using Guid(e8630bc82da273b429986114768b0de9) Importer(815301076,1909f56bfc062723c751e8b465ee728b)  -> (artifact id: 'cbfa899688dbbce122fa6c55bdc980b2') in 0.039340 seconds 
  Import took 0.044981 seconds .

========================================================================
Received Import Request.
  Time since last request: 0.000194 seconds.
  path: Assets/StarterAssets/FirstPersonController/Scenes/Playground/ReflectionProbe-1.exr
  artifactKey: Guid(5515cbebf3ef1144ebf8d50ed9091e17) Importer(815301076,1909f56bfc062723c751e8b465ee728b)
Start importing Assets/StarterAssets/FirstPersonController/Scenes/Playground/ReflectionProbe-1.exr using Guid(5515cbebf3ef1144ebf8d50ed9091e17) Importer(815301076,1909f56bfc062723c751e8b465ee728b)  -> (artifact id: '0a7fec1b2a20450aee04d2fac88c7fcd') in 0.018018 seconds 
  Import took 0.023334 seconds .

========================================================================
Received Import Request.
  Time since last request: 0.000255 seconds.
  path: Assets/StarterAssets/Environment/Art/Textures/Grid_01_BaseMap.png
  artifactKey: Guid(d1118dda59970a2449ee890fa247c4c5) Importer(815301076,1909f56bfc062723c751e8b465ee728b)
Start importing Assets/StarterAssets/Environment/Art/Textures/Grid_01_BaseMap.png using Guid(d1118dda59970a2449ee890fa247c4c5) Importer(815301076,1909f56bfc062723c751e8b465ee728b)  -> (artifact id: 'dc2a46963ea8c866fd556061d0a983c2') in 0.025212 seconds 
  Import took 0.030919 seconds .

========================================================================
Received Import Request.
  Time since last request: 0.000204 seconds.
  path: Assets/StarterAssets/TutorialInfo/Icons/ReadMeImg.PNG
  artifactKey: Guid(44a17a5b205fcd349a24700e6f5615bd) Importer(815301076,1909f56bfc062723c751e8b465ee728b)
Start importing Assets/StarterAssets/TutorialInfo/Icons/ReadMeImg.PNG using Guid(44a17a5b205fcd349a24700e6f5615bd) Importer(815301076,1909f56bfc062723c751e8b465ee728b)  -> (artifact id: '78403ec81d74f468ce18543adf093727') in 0.017233 seconds 
  Import took 0.022832 seconds .

========================================================================
Received Import Request.
  Time since last request: 0.000243 seconds.
  path: Assets/Meshes/mats/PrayerRug.jpg
  artifactKey: Guid(b03e9e3406c31b7428f3aaf02d0870f9) Importer(815301076,1909f56bfc062723c751e8b465ee728b)
Start importing Assets/Meshes/mats/PrayerRug.jpg using Guid(b03e9e3406c31b7428f3aaf02d0870f9) Importer(815301076,1909f56bfc062723c751e8b465ee728b)  -> (artifact id: '56a707ae5f3bed92020481d405337c97') in 0.025769 seconds 
  Import took 0.031432 seconds .

========================================================================
Received Import Request.
  Time since last request: 0.000221 seconds.
  path: Assets/StarterAssets/FirstPersonController/Scenes/Playground/ReflectionProbe-0.exr
  artifactKey: Guid(ac547032e7ab2874b8b53ccbfec07526) Importer(815301076,1909f56bfc062723c751e8b465ee728b)
Start importing Assets/StarterAssets/FirstPersonController/Scenes/Playground/ReflectionProbe-0.exr using Guid(ac547032e7ab2874b8b53ccbfec07526) Importer(815301076,1909f56bfc062723c751e8b465ee728b)  -> (artifact id: 'de26b8b8520836a13904a9d7da15d468') in 0.019314 seconds 
  Import took 0.024808 seconds .

========================================================================
Received Import Request.
  Time since last request: 0.000273 seconds.
  path: Assets/StarterAssets/Environment/Art/Textures/Grid_02_BaseMap.png
  artifactKey: Guid(d9c0dd5cdac07b145be73329e489869a) Importer(815301076,1909f56bfc062723c751e8b465ee728b)
Start importing Assets/StarterAssets/Environment/Art/Textures/Grid_02_BaseMap.png using Guid(d9c0dd5cdac07b145be73329e489869a) Importer(815301076,1909f56bfc062723c751e8b465ee728b)  -> (artifact id: '4e2865bd54543b1334939434d0bc889a') in 0.024951 seconds 
  Import took 0.031351 seconds .

========================================================================
Received Import Request.
  Time since last request: 0.000251 seconds.
  path: Assets/StarterAssets/Mobile/UI/UI_Icon_Jump.png
  artifactKey: Guid(751aa1b6637101946b2fdbb7aa27d6ad) Importer(815301076,1909f56bfc062723c751e8b465ee728b)
Start importing Assets/StarterAssets/Mobile/UI/UI_Icon_Jump.png using Guid(751aa1b6637101946b2fdbb7aa27d6ad) Importer(815301076,1909f56bfc062723c751e8b465ee728b)  -> (artifact id: '8d117b15bfd2c044fa69dc4a59dede7d') in 0.015974 seconds 
  Import took 0.021784 seconds .

========================================================================
Received Import Request.
  Time since last request: 0.000229 seconds.
  path: Assets/StarterAssets/Environment/Art/Textures/Grid_01_Normal.png
  artifactKey: Guid(c5c221ed57a3bf6488f8eba0db28a004) Importer(815301076,1909f56bfc062723c751e8b465ee728b)
Start importing Assets/StarterAssets/Environment/Art/Textures/Grid_01_Normal.png using Guid(c5c221ed57a3bf6488f8eba0db28a004) Importer(815301076,1909f56bfc062723c751e8b465ee728b)  -> (artifact id: '72bd4061b6a25fb74c0a5acf6e60fc11') in 0.025598 seconds 
  Import took 0.031303 seconds .

========================================================================
Received Import Request.
  Time since last request: 0.000310 seconds.
  path: Assets/StarterAssets/Mobile/UI/UI_Icon_Move.png
  artifactKey: Guid(ff7bfa7addf40784d86f62b8e4a034a6) Importer(815301076,1909f56bfc062723c751e8b465ee728b)
Start importing Assets/StarterAssets/Mobile/UI/UI_Icon_Move.png using Guid(ff7bfa7addf40784d86f62b8e4a034a6) Importer(815301076,1909f56bfc062723c751e8b465ee728b)  -> (artifact id: '7a97c896fa4e4e7ca5dfdfda87e0211a') in 0.014476 seconds 
  Import took 0.020612 seconds .

========================================================================
Received Prepare
Registering precompiled user dll's ...
Registered in 0.004747 seconds.
Begin MonoManager ReloadAssembly
Native extension for WindowsStandalone target not found
Native extension for WebGL target not found
Refreshing native plugins compatible for Editor in 0.70 ms, found 2 plugins.
Preloading 0 native plugins for Editor in 0.00 ms.
Mono: successfully reloaded assembly
- Completed reload, in  1.433 seconds
Domain Reload Profiling:
	ReloadAssembly (1434ms)
		BeginReloadAssembly (154ms)
			ExecutionOrderSort (0ms)
			DisableScriptedObjects (5ms)
			BackupInstance (0ms)
			ReleaseScriptingObjects (0ms)
			CreateAndSetChildDomain (42ms)
		EndReloadAssembly (1196ms)
			LoadAssemblies (135ms)
			RebuildTransferFunctionScriptingTraits (0ms)
			SetupTypeCache (387ms)
			ReleaseScriptCaches (2ms)
			RebuildScriptCaches (53ms)
			SetupLoadedEditorAssemblies (422ms)
				LogAssemblyErrors (0ms)
				InitializePlatformSupportModulesInManaged (6ms)
				SetLoadedEditorAssemblies (1ms)
				RefreshPlugins (1ms)
				BeforeProcessingInitializeOnLoad (81ms)
				ProcessInitializeOnLoadAttributes (307ms)
				ProcessInitializeOnLoadMethodAttributes (13ms)
				AfterProcessingInitializeOnLoad (13ms)
				EditorAssembliesLoaded (0ms)
			ExecutionOrderSort2 (0ms)
			AwakeInstancesAfterBackupRestoration (13ms)
Platform modules already initialized, skipping
Switching build target platform(19) subTarget(0) extendedPlatform(0) -> platform(13) subTarget(537395200) extendedPlatform(0)
Refreshing native plugins compatible for Editor in 0.67 ms, found 2 plugins.
Preloading 0 native plugins for Editor in 0.00 ms.
Unloading 3201 Unused Serialized files (Serialized files now loaded: 0)
System memory in use before: 153.2 MB.
System memory in use after: 153.4 MB.

Unloading 14 unused Assets to reduce memory usage. Loaded Objects now: 3818.
Total: 4.447100 ms (FindLiveObjects: 0.335700 ms CreateObjectMapping: 0.091700 ms MarkObjects: 3.991700 ms  DeleteObjects: 0.026900 ms)

AssetImportParameters requested are different than current active one (requested -> active):
  custom:framework-win-MediaFoundation: 216162199b28c13a410421893ffa2e32 -> 
  custom:video-decoder-ogg-theora: a1e56fd34408186e4bbccfd4996cb3dc -> 
  custom:container-muxer-webm: aa71ff27fc2769a1b78a27578f13a17b -> 
  custom:container-demuxer-webm: 4f35f7cbe854078d1ac9338744f61a02 -> 
  custom:container-demuxer-ogg: 62fdf1f143b41e24485cea50d1cbac27 -> 
  custom:video-encoder-webm-vp8: eb34c28f22e8b96e1ab97ce403110664 -> 
  custom:video-decoder-webm-vp8: 9c59270c3fd7afecdb556c50c9e8de78 -> 
  custom:graphics/normal-map-encoding: 01000000000000000000000000000000 -> 02000000000000000000000000000000
  custom:audio-decoder-ogg-vorbis: bf7c407c2cedff20999df2af8eb42d56 -> 
  custom:audio-encoder-webm-vorbis: bf7c407c2cedff20999df2af8eb42d56 -> 
========================================================================
Received Import Request.
  Time since last request: 68.360760 seconds.
  path: Assets/Meshes/mats/PrayerRug.mat
  artifactKey: Guid(6fdb3e36e04ca6f49a1851e9286300a7) Importer(815301076,1909f56bfc062723c751e8b465ee728b)
Start importing Assets/Meshes/mats/PrayerRug.mat using Guid(6fdb3e36e04ca6f49a1851e9286300a7) Importer(815301076,1909f56bfc062723c751e8b465ee728b)  -> (artifact id: '8b70ef1bbe55e739b25ebbf90c86872a') in 0.262172 seconds 
  Import took 0.268572 seconds .

AssetImportWorkerClient::OnTransportError - code=2 error=End of file
